.build/expo-dev-launcher/outputs/logs/manifest-merger-debug-report.txt
-- Merging decision tree log ---
manifest
ADDED from src\main\AndroidManifest.xml:1:1-7:12
MERGED from src\main\AndroidManifest.xml:1:1-7:12
INJECTED from src\debug\AndroidManifest.xml:1:1-34:12
	package
		INJECTED from src\debug\AndroidManifest.xml
	xmlns:android
		ADDED from src\main\AndroidManifest.xml:1:11-69
application
ADDED from src\main\AndroidManifest.xml:2:3-6:17
MERGED from src\main\AndroidManifest.xml:2:3-6:17
MERGED from src\main\AndroidManifest.xml:2:3-6:17
meta-data#com.google.mlkit.vision.DEPENDENCIES
ADDED from src\main\AndroidManifest.xml:3:5-5:35
	android:value
		ADDED from src\main\AndroidManifest.xml:5:7-33
	android:name
		ADDED from src\main\AndroidManifest.xml:4:7-58
activity#expo.modules.devlauncher.launcher.DevLauncherActivity
ADDED from src\debug\AndroidManifest.xml:4:5-8:69
	android:launchMode
		ADDED from src\debug\AndroidManifest.xml:7:7-38
	android:exported
		ADDED from src\debug\AndroidManifest.xml:6:7-30
	android:theme
		ADDED from src\debug\AndroidManifest.xml:8:7-66
	android:name
		ADDED from src\debug\AndroidManifest.xml:5:7-75
activity#expo.modules.devlauncher.compose.AuthActivity
ADDED from src\debug\AndroidManifest.xml:10:5-23:16
	android:launchMode
		ADDED from src\debug\AndroidManifest.xml:13:7-38
	android:exported
		ADDED from src\debug\AndroidManifest.xml:12:7-30
	android:theme
		ADDED from src\debug\AndroidManifest.xml:14:7-66
	android:name
		ADDED from src\debug\AndroidManifest.xml:11:7-67
intent-filter#action:name:android.intent.action.VIEW+category:name:android.intent.category.BROWSABLE+category:name:android.intent.category.DEFAULT+data:scheme:expo-dev-launcher
ADDED from src\debug\AndroidManifest.xml:15:7-22:23
action#android.intent.action.VIEW
ADDED from src\debug\AndroidManifest.xml:16:9-61
	android:name
		ADDED from src\debug\AndroidManifest.xml:16:17-58
category#android.intent.category.DEFAULT
ADDED from src\debug\AndroidManifest.xml:18:9-68
	android:name
		ADDED from src\debug\AndroidManifest.xml:18:19-65
category#android.intent.category.BROWSABLE
ADDED from src\debug\AndroidManifest.xml:19:9-70
	android:name
		ADDED from src\debug\AndroidManifest.xml:19:19-67
data
ADDED from src\debug\AndroidManifest.xml:21:9-52
	android:scheme
		ADDED from src\debug\AndroidManifest.xml:21:15-49
activity#expo.modules.devlauncher.launcher.errors.DevLauncherErrorActivity
ADDED from src\debug\AndroidManifest.xml:25:5-28:64
	android:screenOrientation
		ADDED from src\debug\AndroidManifest.xml:27:7-43
	android:theme
		ADDED from src\debug\AndroidManifest.xml:28:7-61
	android:name
		ADDED from src\debug\AndroidManifest.xml:26:7-87
queries
ADDED from src\debug\AndroidManifest.xml:31:3-33:13
package#host.exp.exponent
ADDED from src\debug\AndroidManifest.xml:32:5-49
	android:name
		ADDED from src\debug\AndroidManifest.xml:32:14-46
uses-sdk
INJECTED from src\debug\AndroidManifest.xml reason: use-sdk injection requested
INJECTED from src\debug\AndroidManifest.xml
INJECTED from src\debug\AndroidManifest.xml
	android:targetSdkVersion
		INJECTED from src\debug\AndroidManifest.xml
	android:minSdkVersion
		INJECTED from src\debug\AndroidManifest.xml